{"C:\\Users\\covam\\Documents\\isdi\\weekly challenges\\week3.ch-perros\\src\\components\\component\\component.ts": {"path":"C:\\Users\\covam\\Documents\\isdi\\weekly challenges\\week3.ch-perros\\src\\components\\component\\component.ts","statementMap":{"0":{"start":{"line":9,"column":20},"end":{"line":9,"column":58}},"1":{"start":{"line":10,"column":4},"end":{"line":10,"column":53}},"2":{"start":{"line":3,"column":0},"end":{"line":3,"column":22}}},"fnMap":{"0":{"name":"(anonymous_0)","decl":{"start":{"line":8,"column":2},"end":{"line":8,"column":8}},"loc":{"start":{"line":8,"column":41},"end":{"line":11,"column":3}}}},"branchMap":{},"s":{"0":3,"1":3,"2":2},"f":{"0":3},"b":{}}
,"C:\\Users\\covam\\Documents\\isdi\\weekly challenges\\week3.ch-perros\\src\\components\\header\\header.ts": {"path":"C:\\Users\\covam\\Documents\\isdi\\weekly challenges\\week3.ch-perros\\src\\components\\header\\header.ts","statementMap":{"0":{"start":{"line":3,"column":0},"end":{"line":3,"column":51}},"1":{"start":{"line":4,"column":0},"end":{"line":4,"column":23}},"2":{"start":{"line":11,"column":4},"end":{"line":11,"column":12}},"3":{"start":{"line":8,"column":11},"end":{"line":8,"column":27}},"4":{"start":{"line":9,"column":11},"end":{"line":9,"column":27}},"5":{"start":{"line":12,"column":4},"end":{"line":12,"column":42}},"6":{"start":{"line":13,"column":4},"end":{"line":13,"column":31}},"7":{"start":{"line":17,"column":4},"end":{"line":21,"column":6}},"8":{"start":{"line":25,"column":4},"end":{"line":25,"column":24}},"9":{"start":{"line":6,"column":0},"end":{"line":6,"column":13}}},"fnMap":{"0":{"name":"(anonymous_0)","decl":{"start":{"line":7,"column":2},"end":{"line":7,"column":null}},"loc":{"start":{"line":9,"column":43},"end":{"line":14,"column":3}}},"1":{"name":"(anonymous_1)","decl":{"start":{"line":16,"column":10},"end":{"line":16,"column":24}},"loc":{"start":{"line":16,"column":24},"end":{"line":22,"column":3}}},"2":{"name":"(anonymous_2)","decl":{"start":{"line":24,"column":2},"end":{"line":24,"column":8}},"loc":{"start":{"line":24,"column":41},"end":{"line":26,"column":3}}}},"branchMap":{"0":{"loc":{"start":{"line":9,"column":11},"end":{"line":9,"column":43}},"type":"default-arg","locations":[{"start":{"line":9,"column":27},"end":{"line":9,"column":43}}]}},"s":{"0":1,"1":1,"2":2,"3":2,"4":2,"5":2,"6":2,"7":2,"8":2,"9":1},"f":{"0":2,"1":2,"2":2},"b":{"0":[1]}}
,"C:\\Users\\covam\\Documents\\isdi\\weekly challenges\\week3.ch-perros\\src\\components\\item\\pet-item.ts": {"path":"C:\\Users\\covam\\Documents\\isdi\\weekly challenges\\week3.ch-perros\\src\\components\\item\\pet-item.ts","statementMap":{"0":{"start":{"line":4,"column":0},"end":{"line":4,"column":51}},"1":{"start":{"line":5,"column":0},"end":{"line":5,"column":25}},"2":{"start":{"line":9,"column":4},"end":{"line":9,"column":12}},"3":{"start":{"line":8,"column":21},"end":{"line":8,"column":37}},"4":{"start":{"line":8,"column":46},"end":{"line":8,"column":67}},"5":{"start":{"line":10,"column":4},"end":{"line":10,"column":42}},"6":{"start":{"line":11,"column":4},"end":{"line":11,"column":30}},"7":{"start":{"line":15,"column":18},"end":{"line":26,"column":17}},"8":{"start":{"line":17,"column":18},"end":{"line":24,"column":null}},"9":{"start":{"line":27,"column":4},"end":{"line":29,"column":6}},"10":{"start":{"line":7,"column":0},"end":{"line":7,"column":13}}},"fnMap":{"0":{"name":"(anonymous_0)","decl":{"start":{"line":8,"column":2},"end":{"line":8,"column":21}},"loc":{"start":{"line":8,"column":67},"end":{"line":12,"column":3}}},"1":{"name":"(anonymous_1)","decl":{"start":{"line":14,"column":2},"end":{"line":14,"column":16}},"loc":{"start":{"line":14,"column":16},"end":{"line":30,"column":3}}},"2":{"name":"(anonymous_2)","decl":{"start":{"line":17,"column":8},"end":{"line":17,"column":9}},"loc":{"start":{"line":17,"column":18},"end":{"line":24,"column":null}}}},"branchMap":{},"s":{"0":1,"1":1,"2":1,"3":1,"4":1,"5":1,"6":1,"7":1,"8":2,"9":1,"10":1},"f":{"0":1,"1":1,"2":2},"b":{}}
,"C:\\Users\\covam\\Documents\\isdi\\weekly challenges\\week3.ch-perros\\src\\mocks\\pets.ts": {"path":"C:\\Users\\covam\\Documents\\isdi\\weekly challenges\\week3.ch-perros\\src\\mocks\\pets.ts","statementMap":{"0":{"start":{"line":3,"column":0},"end":{"line":3,"column":50}},"1":{"start":{"line":5,"column":13},"end":{"line":8,"column":2}}},"fnMap":{},"branchMap":{},"s":{"0":1,"1":1},"f":{},"b":{}}
,"C:\\Users\\covam\\Documents\\isdi\\weekly challenges\\week3.ch-perros\\src\\models\\pet.ts": {"path":"C:\\Users\\covam\\Documents\\isdi\\weekly challenges\\week3.ch-perros\\src\\models\\pet.ts","statementMap":{"0":{"start":{"line":17,"column":21},"end":{"line":17,"column":39}},"1":{"start":{"line":18,"column":4},"end":{"line":18,"column":37}},"2":{"start":{"line":19,"column":4},"end":{"line":19,"column":46}},"3":{"start":{"line":22,"column":21},"end":{"line":22,"column":33}},"4":{"start":{"line":22,"column":42},"end":{"line":22,"column":55}},"5":{"start":{"line":23,"column":4},"end":{"line":23,"column":31}},"6":{"start":{"line":24,"column":4},"end":{"line":24,"column":27}},"7":{"start":{"line":13,"column":0},"end":{"line":13,"column":13}}},"fnMap":{"0":{"name":"(anonymous_0)","decl":{"start":{"line":16,"column":2},"end":{"line":16,"column":8}},"loc":{"start":{"line":16,"column":19},"end":{"line":20,"column":3}}},"1":{"name":"(anonymous_1)","decl":{"start":{"line":22,"column":2},"end":{"line":22,"column":21}},"loc":{"start":{"line":22,"column":55},"end":{"line":25,"column":3}}}},"branchMap":{},"s":{"0":2,"1":2,"2":2,"3":2,"4":2,"5":2,"6":2,"7":1},"f":{"0":2,"1":2},"b":{}}
}
