TN:
SF:src\components\component\component.ts
FN:8,(anonymous_0)
FNF:1
FNH:1
FNDA:3,(anonymous_0)
DA:3,2
DA:9,3
DA:10,3
LF:3
LH:3
BRF:0
BRH:0
end_of_record
TN:
SF:src\components\header\header.ts
FN:7,(anonymous_0)
FN:16,(anonymous_1)
FN:24,(anonymous_2)
FNF:3
FNH:3
FNDA:2,(anonymous_0)
FNDA:2,(anonymous_1)
FNDA:2,(anonymous_2)
DA:3,1
DA:4,1
DA:6,1
DA:8,2
DA:9,2
DA:11,2
DA:12,2
DA:13,2
DA:17,2
DA:25,2
LF:10
LH:10
BRDA:9,0,0,1
BRF:1
BRH:1
end_of_record
TN:
SF:src\components\item\pet-item.ts
FN:8,(anonymous_0)
FN:14,(anonymous_1)
FN:17,(anonymous_2)
FNF:3
FNH:3
FNDA:1,(anonymous_0)
FNDA:1,(anonymous_1)
FNDA:2,(anonymous_2)
DA:4,1
DA:5,1
DA:7,1
DA:8,1
DA:9,1
DA:10,1
DA:11,1
DA:15,1
DA:17,2
DA:27,1
LF:10
LH:10
BRF:0
BRH:0
end_of_record
TN:
SF:src\mocks\pets.ts
FNF:0
FNH:0
DA:3,1
DA:5,1
LF:2
LH:2
BRF:0
BRH:0
end_of_record
TN:
SF:src\models\pet.ts
FN:16,(anonymous_0)
FN:22,(anonymous_1)
FNF:2
FNH:2
FNDA:2,(anonymous_0)
FNDA:2,(anonymous_1)
DA:13,1
DA:17,2
DA:18,2
DA:19,2
DA:22,2
DA:23,2
DA:24,2
LF:7
LH:7
BRF:0
BRH:0
end_of_record
